(THU.CST) os is loading ...

Special kernel symbols:
  entry  0xc010002a (phys)
  etext  0xc010d4d0 (phys)
  edata  0xc019ff2a (phys)
  end    0xc01a30b8 (phys)
Kernel executable memory footprint: 653KB
ebp:0xc012df38 eip:0xc0101f62 args:0x00010094 0x00000000 0xc012df68 0xc01000d3 
    kern/debug/kdebug.c:350: print_stackframe+21
ebp:0xc012df48 eip:0xc0102251 args:0x00000000 0x00000000 0x00000000 0xc012dfb8 
    kern/debug/kmonitor.c:129: mon_backtrace+10
ebp:0xc012df68 eip:0xc01000d3 args:0x00000000 0xc012df90 0xffff0000 0xc012df94 
    kern/init/init.c:57: grade_backtrace2+33
ebp:0xc012df88 eip:0xc01000fc args:0x00000000 0xffff0000 0xc012dfb4 0x0000002a 
    kern/init/init.c:62: grade_backtrace1+38
ebp:0xc012dfa8 eip:0xc010011a args:0x00000000 0xc010002a 0xffff0000 0x0000001d 
    kern/init/init.c:67: grade_backtrace0+23
ebp:0xc012dfc8 eip:0xc010013f args:0xc010d4fc 0xc010d4e0 0x0000318e 0x00000000 
    kern/init/init.c:72: grade_backtrace+34
ebp:0xc012dff8 eip:0xc010007f args:0x00000000 0x00000000 0x0000ffff 0x40cf9a00 
    kern/init/init.c:32: kern_init+84
memory management: default_pmm_manager
e820map:
  memory: 0009fc00, [00000000, 0009fbff], type = 1.
  memory: 00000400, [0009fc00, 0009ffff], type = 2.
  memory: 00010000, [000f0000, 000fffff], type = 2.
  memory: 07efe000, [00100000, 07ffdfff], type = 1.
  memory: 00002000, [07ffe000, 07ffffff], type = 2.
  memory: 00040000, [fffc0000, ffffffff], type = 2.
check_alloc_page() succeeded!
check_pgdir() succeeded!
check_boot_pgdir() succeeded!
-------------------- BEGIN --------------------
PDE(0e0) c0000000-f8000000 38000000 urw
  |-- PTE(38000) c0000000-f8000000 38000000 -rw
PDE(001) fac00000-fb000000 00400000 -rw
  |-- PTE(000e0) faf00000-fafe0000 000e0000 urw
  |-- PTE(00001) fafeb000-fafec000 00001000 -rw
--------------------- END ---------------------
use SLOB allocator
check_slab() success
kmalloc_init() succeeded!
check_vma_struct() succeeded!
page fault at 0x00000100: K/W [no page found].
check_pgfault() succeeded!
check_vmm() succeeded.
*** id=0, pagetot=-29
*** id=1, pagetot=-29
*** id=2, pagetot=-29
*** id=3, pagetot=-29
*** id=4, pagetot=-29
*** id=5, pagetot=-29
*** id=6, pagetot=-31
*** id=7, pagetot=-31
*** id=8, pagetot=-31
ide 0:      10000(sectors), 'QEMU HARDDISK'.
ide 1:     262144(sectors), 'QEMU HARDDISK'.
SWAP: manager = fifo swap manager
BEGIN check_swap: count 31830, total 31830
setup Page Table for vaddr 0X1000, so alloc a page
setup Page Table vaddr 0~4MB OVER!
set up init env for check_swap begin!
page fault at 0x00001000: K/W [no page found].
page fault at 0x00002000: K/W [no page found].
page fault at 0x00003000: K/W [no page found].
page fault at 0x00004000: K/W [no page found].
set up init env for check_swap over!
write Virt Page c in fifo_check_swap
write Virt Page a in fifo_check_swap
write Virt Page d in fifo_check_swap
write Virt Page b in fifo_check_swap
write Virt Page e in fifo_check_swap
page fault at 0x00005000: K/W [no page found].
swap_out: i 0, store page in vaddr 0x1000 to disk swap entry 2
write Virt Page b in fifo_check_swap
write Virt Page a in fifo_check_swap
page fault at 0x00001000: K/W [no page found].
do pgfault: ptep c03a8004, pte 200
swap_out: i 0, store page in vaddr 0x2000 to disk swap entry 3
swap_in: load disk swap entry 2 with swap_page in vadr 0x1000
write Virt Page b in fifo_check_swap
page fault at 0x00002000: K/W [no page found].
do pgfault: ptep c03a8008, pte 300
swap_out: i 0, store page in vaddr 0x3000 to disk swap entry 4
swap_in: load disk swap entry 3 with swap_page in vadr 0x2000
write Virt Page c in fifo_check_swap
page fault at 0x00003000: K/W [no page found].
do pgfault: ptep c03a800c, pte 400
swap_out: i 0, store page in vaddr 0x4000 to disk swap entry 5
swap_in: load disk swap entry 4 with swap_page in vadr 0x3000
write Virt Page d in fifo_check_swap
page fault at 0x00004000: K/W [no page found].
do pgfault: ptep c03a8010, pte 500
swap_out: i 0, store page in vaddr 0x5000 to disk swap entry 6
swap_in: load disk swap entry 5 with swap_page in vadr 0x4000
count is 5, total is 5
check_swap() succeeded!
++ setup timer interrupts
current->pid = 1
*** id=-3, pagetot=-36
*** id=-2, pagetot=-36
*** id=-1, pagetot=-38
*** id=-9999, pagetot=-38
*** id=-8888, pagetot=-38
kernel_execve: pid = 2, name = "forktree".
0002: I am ''
*** id=9999, pagetot=-70
*** id=11, pagetot=-70
0004: I am '1'
0003: I am '0'
*** id=-9999, pagetot=-138
*** id=-8888, pagetot=-138
0008: I am '01'
0007: I am '00'
0006: I am '11'
0005: I am '10'
*** id=9999, pagetot=-243
*** id=11, pagetot=-243
0010: I am '101'
000f: I am '100'
000e: I am '111'
000d: I am '110'
000c: I am '001'
000b: I am '000'
000a: I am '011'
0009: I am '010'
*** id=-9999, pagetot=-456
*** id=-8888, pagetot=-456
*** id=9999, pagetot=-454
*** id=11, pagetot=-454
0020: I am '0101'
001f: I am '0100'
001e: I am '0111'
001d: I am '0110'
001c: I am '0001'
001b: I am '0000'
001a: I am '0011'
0019: I am '0010'
0018: I am '1101'
0017: I am '1100'
0016: I am '1111'
0015: I am '1110'
0014: I am '1001'
0013: I am '1000'
0012: I am '1011'
0011: I am '1010'
*** id=-9999, pagetot=-334
*** id=-8888, pagetot=-334
*** id=9999, pagetot=-332
*** id=11, pagetot=-332
*** id=-9999, pagetot=-92
*** id=-8888, pagetot=-92
*** id=9999, pagetot=-90
*** id=11, pagetot=-90
*** id=-9999, pagetot=-90
*** id=-8888, pagetot=-90
*** id=9999, pagetot=-88
*** id=11, pagetot=-88
*** id=-9999, pagetot=-88
*** id=-8888, pagetot=-88
*** id=9999, pagetot=-86
*** id=11, pagetot=-86
*** id=-9999, pagetot=-86
*** id=-8888, pagetot=-86
*** id=9999, pagetot=-84
*** id=11, pagetot=-84
*** id=-9999, pagetot=-84
*** id=-8888, pagetot=-84
*** id=9999, pagetot=-82
*** id=11, pagetot=-82
*** id=-9999, pagetot=-82
*** id=-8888, pagetot=-82
*** id=9999, pagetot=-80
*** id=11, pagetot=-80
*** id=-9999, pagetot=-80
*** id=-8888, pagetot=-80
*** id=9999, pagetot=-78
*** id=11, pagetot=-78
*** id=-9999, pagetot=-78
*** id=-8888, pagetot=-78
*** id=9999, pagetot=-76
*** id=11, pagetot=-76
*** id=-9999, pagetot=-76
*** id=-8888, pagetot=-76
*** id=9999, pagetot=-74
*** id=11, pagetot=-74
*** id=-9999, pagetot=-74
*** id=-8888, pagetot=-74
*** id=9999, pagetot=-72
*** id=11, pagetot=-72
*** id=-9999, pagetot=-72
*** id=-8888, pagetot=-72
*** id=9999, pagetot=-70
*** id=11, pagetot=-70
*** id=-9999, pagetot=-70
*** id=-8888, pagetot=-70
*** id=9999, pagetot=-68
*** id=11, pagetot=-68
*** id=-9999, pagetot=-68
*** id=-8888, pagetot=-68
*** id=9999, pagetot=-66
*** id=11, pagetot=-66
*** id=-9999, pagetot=-66
*** id=-8888, pagetot=-66
*** id=9999, pagetot=-64
*** id=11, pagetot=-64
*** id=-9999, pagetot=-64
*** id=-8888, pagetot=-64
*** id=9999, pagetot=-62
*** id=11, pagetot=-62
*** id=-9999, pagetot=-62
*** id=-8888, pagetot=-62
*** id=9999, pagetot=-60
*** id=11, pagetot=-60
*** id=-9999, pagetot=-60
*** id=-8888, pagetot=-60
*** id=9999, pagetot=-58
*** id=11, pagetot=-58
*** id=-9999, pagetot=-58
*** id=-8888, pagetot=-58
*** id=9999, pagetot=-56
*** id=11, pagetot=-56
*** id=-9999, pagetot=-56
*** id=-8888, pagetot=-56
*** id=9999, pagetot=-54
*** id=11, pagetot=-54
*** id=-9999, pagetot=-54
*** id=-8888, pagetot=-54
*** id=9999, pagetot=-52
*** id=11, pagetot=-52
*** id=-9999, pagetot=-52
*** id=-8888, pagetot=-52
*** id=9999, pagetot=-50
*** id=11, pagetot=-50
*** id=-9999, pagetot=-50
*** id=-8888, pagetot=-50
*** id=9999, pagetot=-48
*** id=11, pagetot=-48
*** id=-9999, pagetot=-48
*** id=-8888, pagetot=-48
*** id=9999, pagetot=-46
*** id=11, pagetot=-46
*** id=-9999, pagetot=-46
*** id=-8888, pagetot=-46
*** id=9999, pagetot=-44
*** id=11, pagetot=-44
*** id=-9999, pagetot=-44
*** id=-8888, pagetot=-44
*** id=9999, pagetot=-42
*** id=11, pagetot=-42
*** id=-9999, pagetot=-42
*** id=-8888, pagetot=-42
*** id=9999, pagetot=-40
*** id=11, pagetot=-40
*** id=-9999, pagetot=-40
*** id=-8888, pagetot=-40
*** id=9999, pagetot=-38
*** id=11, pagetot=-38
*** id=-9999, pagetot=-38
*** id=-8888, pagetot=-38
haha0 id=1
*** id=7777, pagetot=-38
count = 1
all user-mode processes have quit.
$$$31825, 31825init check memory pass.
kernel panic at kern/process/proc.c:454:
    initproc exit.

Welcome to the kernel debug monitor!!
Type 'help' for a list of commands.
